
> temp_app@0.1.0 build
> prisma generate && prisma db push --accept-data-loss && next build

Environment variables loaded from .env
Prisma schema loaded from prisma\schema.prisma

횚짙철 Generated Prisma Client (v5.22.0) to .\node_modules\@prisma\client in 435ms

Start by importing your Prisma Client (See: https://pris.ly/d/importing-client)

Tip: Easily identify and fix slow SQL queries in your app. Optimize helps you enhance your visibility: https://pris.ly/--optimize

횚철챤횚철횉횚철횉횚철횉횚철횉횚철횉횚철횉횚철횉횚철횉횚철횉횚철횉횚철횉횚철횉횚철횉횚철횉횚철횉횚철횉횚철횉횚철횉횚철횉횚철횉횚철횉횚철횉횚철횉횚철횉횚철횉횚철횉횚철횉횚철횉횚철횉횚철횉횚철횉횚철횉횚철횉횚철횉횚철횉횚철횉횚철횉횚철횉횚철횉횚철횉횚철횉횚철횉횚철횉횚철횉횚철횉횚철횉횚철횉횚철횉횚철횉횚철횉횚철횉횚철횉횚철횉횚철횉횚철횉횚철횉횚철횉횚철횋
횚철챕  Update available 5.22.0 -> 7.4.2                       횚철챕
횚철챕                                                         횚철챕
횚철챕  This is a major update - please follow the guide at    횚철챕
횚철챕  https://pris.ly/d/major-version-upgrade                횚철챕
횚철챕                                                         횚철챕
횚철챕  Run the following to update                            횚철챕
횚철챕    npm i --save-dev prisma@latest                       횚철챕
횚철챕    npm i @prisma/client@latest                          횚철챕
횚철철횚철횉횚철횉횚철횉횚철횉횚철횉횚철횉횚철횉횚철횉횚철횉횚철횉횚철횉횚철횉횚철횉횚철횉횚철횉횚철횉횚철횉횚철횉횚철횉횚철횉횚철횉횚철횉횚철횉횚철횉횚철횉횚철횉횚철횉횚철횉횚철횉횚철횉횚철횉횚철횉횚철횉횚철횉횚철횉횚철횉횚철횉횚철횉횚철횉횚철횉횚철횉횚철횉횚철횉횚철횉횚철횉횚철횉횚철횉횚철횉횚철횉횚철횉횚철횉횚철횉횚철횉횚철횉횚철횉횚철횉횚철횉횚철캅
Environment variables loaded from .env
Prisma schema loaded from prisma\schema.prisma
Datasource "db": PostgreSQL database

Error: Prisma schema validation - (get-config wasm)
Error code: P1012
error: Error validating datasource `db`: the URL must start with the protocol `postgresql://` or `postgres://`.
  -->  prisma\schema.prisma:7
   | 
 6 |   provider = "postgresql"
 7 |   url      = env("DATABASE_URL")
   | 

Validation Error Count: 1
[Context: getConfig]

Prisma CLI Version : 5.22.0
