
> temp_app@0.1.0 build
> prisma generate && prisma db push --accept-data-loss && next build

Environment variables loaded from .env
Prisma schema loaded from prisma\schema.prisma

 Generated Prisma Client (v5.22.0) to .\node_modules\@prisma\client in 465ms

Start by importing your Prisma Client (See: https://pris.ly/d/importing-client)

Tip: Want to react to database changes in your app as they happen? Discover how with Pulse: https://pris.ly/tip-1-pulse

Environment variables loaded from .env
Prisma schema loaded from prisma\schema.prisma
Datasource "db": PostgreSQL database

Error: Prisma schema validation - (get-config wasm)
Error code: P1012
error: Error validating datasource `db`: the URL must start with the protocol `postgresql://` or `postgres://`.
  -->  prisma\schema.prisma:7
   | 
 6 |   provider = "postgresql"
 7 |   url      = env("DATABASE_URL")
   | 

Validation Error Count: 1
[Context: getConfig]

Prisma CLI Version : 5.22.0
