   Ă”Ă»â–“ Next.js 15.1.0
   - Environments: .env.local, .env

   Creating an optimized production build ...
Found 1 warning while optimizing generated CSS:

Ă”Ă¶Ă©     -webkit-overflow-scrolling: touch;
Ă”Ă¶Ă©   }
Ă”Ă¶Ă©   .grid-cols-1.md\\:grid-cols-4 {
Ă”Ă¶ĂĄ                     ^-- 'grid-cols-4' is not recognized as a valid pseudo-class. Did you mean '::grid-cols-4' (pseudo-element) or is this a typo?
Ă”Ă¶ĂĄ
Ă”Ă¶Ă©     gap: 0.75rem;
Ă”Ă¶Ă©   }

 Ă”ĂśĂˇ Compiled with warnings

./app/actions/page-actions.ts
Critical dependency: the request of a dependency is an expression

Import trace for requested module:
./app/actions/page-actions.ts
./app/[locale]/(public)/page.tsx

./app/actions/page-actions.ts
Critical dependency: the request of a dependency is an expression

Import trace for requested module:
./app/actions/page-actions.ts
./app/[locale]/(public)/page.tsx

   Skipping validation of types
   Skipping linting
   Collecting page data ...
Ă”ĂśĂˇÂ´Â©Ă… Build-time detected: using no-op Prisma proxy
Ă”ĂśĂˇÂ´Â©Ă… Build-time detected: using no-op Prisma proxy
Ă”ĂśĂˇÂ´Â©Ă… Build-time detected: using no-op Prisma proxy
Ă”ĂśĂˇÂ´Â©Ă… Build-time detected: using no-op Prisma proxy
Ă”ĂśĂˇÂ´Â©Ă… Build-time detected: using no-op Prisma proxy
Ă”ĂśĂˇÂ´Â©Ă… Build-time detected: using no-op Prisma proxy
Ă”ĂśĂˇÂ´Â©Ă… Build-time detected: using no-op Prisma proxy
Ă”ĂśĂˇÂ´Â©Ă… Build-time detected: using no-op Prisma proxy
Ă”ĂśĂˇÂ´Â©Ă… Build-time detected: using no-op Prisma proxy
Ă”ĂśĂˇÂ´Â©Ă… Build-time detected: using no-op Prisma proxy
Ă”ĂśĂˇÂ´Â©Ă… Build-time detected: using no-op Prisma proxy
Ă”ĂśĂˇÂ´Â©Ă… Build-time detected: using no-op Prisma proxy
Ă”ĂśĂˇÂ´Â©Ă… Build-time detected: using no-op Prisma proxy
Ă”ĂśĂˇÂ´Â©Ă… Build-time detected: using no-op Prisma proxy
Ă”ĂśĂˇÂ´Â©Ă… Build-time detected: using no-op Prisma proxy
Ă”ĂśĂˇÂ´Â©Ă… Build-time detected: using no-op Prisma proxy
Ă”ĂśĂˇÂ´Â©Ă… Build-time detected: using no-op Prisma proxy
Ă”ĂśĂˇÂ´Â©Ă… Build-time detected: using no-op Prisma proxy
Ă”ĂśĂˇÂ´Â©Ă… Build-time detected: using no-op Prisma proxy
Ă”ĂśĂˇÂ´Â©Ă… Build-time detected: using no-op Prisma proxy
   Generating static pages (0/110) ...
Ă”ĂśĂˇÂ´Â©Ă… Build-time detected: using no-op Prisma proxy
Ă”ĂśĂˇÂ´Â©Ă… Build-time detected: using no-op Prisma proxy
Ă”ĂśĂˇÂ´Â©Ă… Build-time detected: using no-op Prisma proxy
Ă”ĂśĂˇÂ´Â©Ă… Build-time detected: using no-op Prisma proxy
Ă”ĂśĂˇÂ´Â©Ă… Build-time detected: using no-op Prisma proxy
   Generating static pages (27/110) 
   Generating static pages (54/110) 
   Generating static pages (82/110) 
 Ă”ÂŁĂ´ Generating static pages (110/110)
   Finalizing page optimization ...
   Collecting build traces ...

Route (app)                                   Size     First Load JS
Ă”Ă¶Ă® Ă”ĂąĂŻ /                                         462 B           107 kB
Ă”Ă¶ÂŁ Ă”ĂąĂŻ /_not-found                               990 B           107 kB
Ă”Ă¶ÂŁ ĂŁĂ† /[locale]                                 3.16 kB         136 kB
Ă”Ă¶ÂŁ ĂŁĂ† /[locale]/[...slug]                       2.25 kB         135 kB
Ă”Ă¶ÂŁ ĂŁĂ† /[locale]/admin                           11 kB           231 kB
Ă”Ă¶ÂŁ ĂŁĂ† /[locale]/admin/accounting                10.2 kB         245 kB
Ă”Ă¶ÂŁ ĂŁĂ† /[locale]/admin/activities                4.65 kB         111 kB
Ă”Ă¶ÂŁ ĂŁĂ† /[locale]/admin/ai                        3.07 kB         110 kB
Ă”Ă¶ÂŁ ĂŁĂ† /[locale]/admin/ai-planner                4.99 kB         120 kB
Ă”Ă¶ÂŁ ĂŁĂ† /[locale]/admin/ai-training               6.63 kB         113 kB
Ă”Ă¶ÂŁ ĂŁĂ† /[locale]/admin/analytics                 9.42 kB         279 kB
Ă”Ă¶ÂŁ ĂŁĂ† /[locale]/admin/bigdata                   21.8 kB         295 kB
Ă”Ă¶ÂŁ ĂŁĂ† /[locale]/admin/bookings                  3.07 kB         110 kB
Ă”Ă¶ÂŁ ĂŁĂ† /[locale]/admin/bookings/payments         3.1 kB          110 kB
Ă”Ă¶ÂŁ ĂŁĂ† /[locale]/admin/bookings/settings         3.67 kB         110 kB
Ă”Ă¶ÂŁ ĂŁĂ† /[locale]/admin/channel-manager           7.01 kB         122 kB
Ă”Ă¶ÂŁ ĂŁĂ† /[locale]/admin/chat                      2.01 kB         108 kB
Ă”Ă¶ÂŁ ĂŁĂ† /[locale]/admin/competitors               9.8 kB          238 kB
Ă”Ă¶ÂŁ ĂŁĂ† /[locale]/admin/content/dining            9.6 kB          116 kB
Ă”Ă¶ÂŁ ĂŁĂ† /[locale]/admin/content/meeting           5.29 kB         112 kB
Ă”Ă¶ÂŁ ĂŁĂ† /[locale]/admin/content/rooms             3.85 kB         110 kB
Ă”Ă¶ÂŁ ĂŁĂ† /[locale]/admin/content/spa               4.17 kB         111 kB
Ă”Ă¶ÂŁ ĂŁĂ† /[locale]/admin/content/sports            3.72 kB         110 kB
Ă”Ă¶ÂŁ ĂŁĂ† /[locale]/admin/crm                       10.6 kB         304 kB
Ă”Ă¶ÂŁ ĂŁĂ† /[locale]/admin/crm-marketing             14.4 kB         129 kB
Ă”Ă¶ÂŁ ĂŁĂ† /[locale]/admin/crm/call-center           9.74 kB         234 kB
Ă”Ă¶ÂŁ ĂŁĂ† /[locale]/admin/crm/meetings              4.24 kB         111 kB
Ă”Ă¶ÂŁ ĂŁĂ† /[locale]/admin/dining                    4.9 kB          111 kB
Ă”Ă¶ÂŁ ĂŁĂ† /[locale]/admin/extras                    6.18 kB         234 kB
Ă”Ă¶ÂŁ ĂŁĂ† /[locale]/admin/files                     13.5 kB         125 kB
Ă”Ă¶ÂŁ ĂŁĂ† /[locale]/admin/inbox                     6.16 kB         121 kB
Ă”Ă¶ÂŁ ĂŁĂ† /[locale]/admin/integrations/booking      5.32 kB         112 kB
Ă”Ă¶ÂŁ ĂŁĂ† /[locale]/admin/integrations/restaurants  6.31 kB         113 kB
Ă”Ă¶ÂŁ ĂŁĂ† /[locale]/admin/local-guide               4.37 kB         111 kB
Ă”Ă¶ÂŁ ĂŁĂ† /[locale]/admin/localization              4.23 kB         111 kB
Ă”Ă¶ÂŁ ĂŁĂ† /[locale]/admin/login                     8.74 kB         115 kB
Ă”Ă¶ÂŁ ĂŁĂ† /[locale]/admin/marketing                 9.01 kB         411 kB
Ă”Ă¶ÂŁ ĂŁĂ† /[locale]/admin/menu                      3.89 kB         110 kB
Ă”Ă¶ÂŁ ĂŁĂ† /[locale]/admin/pages                     183 B           110 kB
Ă”Ă¶ÂŁ ĂŁĂ† /[locale]/admin/pages/[id]/editor         12.1 kB         119 kB
Ă”Ă¶ÂŁ ĂŁĂ† /[locale]/admin/pages/new                 462 B           107 kB
Ă”Ă¶ÂŁ ĂŁĂ† /[locale]/admin/profile                   4.66 kB         111 kB
Ă”Ă¶ÂŁ ĂŁĂ† /[locale]/admin/purchasing                12.4 kB         238 kB
Ă”Ă¶ÂŁ ĂŁĂ† /[locale]/admin/reports                   25.1 kB         469 kB
Ă”Ă¶ÂŁ ĂŁĂ† /[locale]/admin/reservations              14.1 kB         423 kB
Ă”Ă¶ÂŁ ĂŁĂ† /[locale]/admin/rooms                     7.39 kB         293 kB
Ă”Ă¶ÂŁ ĂŁĂ† /[locale]/admin/settings                  17.7 kB         132 kB
Ă”Ă¶ÂŁ ĂŁĂ† /[locale]/admin/social                    6.48 kB         121 kB
Ă”Ă¶ÂŁ ĂŁĂ† /[locale]/admin/social/content            8.71 kB         115 kB
Ă”Ă¶ÂŁ ĂŁĂ† /[locale]/admin/social/metrics            8.1 kB          256 kB
Ă”Ă¶ÂŁ ĂŁĂ† /[locale]/admin/statistics                57.9 kB         385 kB
Ă”Ă¶ÂŁ ĂŁĂ† /[locale]/admin/tasks                     8.98 kB         145 kB
Ă”Ă¶ÂŁ ĂŁĂ† /[locale]/admin/tasks/mail                6.93 kB         143 kB
Ă”Ă¶ÂŁ ĂŁĂ† /[locale]/admin/tasks/workflows           8.56 kB         145 kB
Ă”Ă¶ÂŁ ĂŁĂ† /[locale]/admin/users                     7.48 kB         114 kB
Ă”Ă¶ÂŁ ĂŁĂ† /[locale]/admin/yield                     14.8 kB         458 kB
Ă”Ă¶ÂŁ ĂŁĂ† /[locale]/bodrum                          2.25 kB         135 kB
Ă”Ă¶ÂŁ ĂŁĂ† /[locale]/booking                         12.8 kB         123 kB
Ă”Ă¶ÂŁ ĂŁĂ† /[locale]/booking/failed                  183 B           110 kB
Ă”Ă¶ÂŁ ĂŁĂ† /[locale]/booking/success                 183 B           110 kB
Ă”Ă¶ÂŁ ĂŁĂ† /[locale]/cocuk-kulubu                    192 B           112 kB
Ă”Ă¶ÂŁ ĂŁĂ† /[locale]/dugun-davet                     2.25 kB         135 kB
Ă”Ă¶ÂŁ ĂŁĂ† /[locale]/galeri                          2.25 kB         135 kB
Ă”Ă¶ÂŁ ĂŁĂ† /[locale]/hakkimizda                      2.25 kB         135 kB
Ă”Ă¶ÂŁ ĂŁĂ† /[locale]/iletisim                        2.25 kB         135 kB
Ă”Ă¶ÂŁ ĂŁĂ† /[locale]/kvkk                            462 B           107 kB
Ă”Ă¶ÂŁ ĂŁĂ† /[locale]/menu/[id]                       5.78 kB         112 kB
Ă”Ă¶ÂŁ ĂŁĂ† /[locale]/odalar                          8.77 kB         141 kB
Ă”Ă¶ÂŁ ĂŁĂ† /[locale]/odalar/[slug]                   190 B           114 kB
Ă”Ă¶ÂŁ ĂŁĂ† /[locale]/odalar/aile                     182 B           110 kB
Ă”Ă¶ÂŁ ĂŁĂ† /[locale]/odalar/club                     182 B           110 kB
Ă”Ă¶ÂŁ ĂŁĂ† /[locale]/odalar/deluxe                   182 B           110 kB
Ă”Ă¶ÂŁ ĂŁĂ† /[locale]/restoran                        192 B           112 kB
Ă”Ă¶ÂŁ ĂŁĂ† /[locale]/rezervasyon                     2.1 kB          122 kB
Ă”Ă¶ÂŁ ĂŁĂ† /[locale]/spa                             192 B           112 kB
Ă”Ă¶ÂŁ ĂŁĂ† /[locale]/spor                            192 B           112 kB
Ă”Ă¶ÂŁ ĂŁĂ† /[locale]/surdurulebilirlik               462 B           107 kB
Ă”Ă¶ÂŁ ĂŁĂ† /[locale]/toplanti-salonu                 192 B           112 kB
Ă”Ă¶ÂŁ ĂŁĂ† /api/admin/ads                            462 B           107 kB
Ă”Ă¶ÂŁ ĂŁĂ† /api/admin/ads/meta                       462 B           107 kB
Ă”Ă¶ÂŁ ĂŁĂ† /api/admin/ai-interpret                   462 B           107 kB
Ă”Ă¶ÂŁ ĂŁĂ† /api/admin/ai-planner                     462 B           107 kB
Ă”Ă¶ÂŁ ĂŁĂ† /api/admin/analytics/ads                  462 B           107 kB
Ă”Ă¶ÂŁ ĂŁĂ† /api/admin/analytics/internal             462 B           107 kB
Ă”Ă¶ÂŁ ĂŁĂ† /api/admin/analytics/realtime             462 B           107 kB
Ă”Ă¶ÂŁ ĂŁĂ† /api/admin/analytics/social               462 B           107 kB
Ă”Ă¶ÂŁ ĂŁĂ† /api/admin/analytics/traffic              462 B           107 kB
Ă”Ă¶ÂŁ ĂŁĂ† /api/admin/analytics/visitors             462 B           107 kB
Ă”Ă¶ÂŁ ĂŁĂ† /api/admin/asisia                         462 B           107 kB
Ă”Ă¶ÂŁ ĂŁĂ† /api/admin/asisia/call-center             462 B           107 kB
Ă”Ă¶ÂŁ ĂŁĂ† /api/admin/availability                   462 B           107 kB
Ă”Ă¶ÂŁ ĂŁĂ† /api/admin/bodrum/scrape                  462 B           107 kB
Ă”Ă¶ÂŁ ĂŁĂ† /api/admin/booking-test                   462 B           107 kB
Ă”Ă¶ÂŁ ĂŁĂ† /api/admin/bookings                       462 B           107 kB
Ă”Ă¶ÂŁ ĂŁĂ† /api/admin/cache-reports                  462 B           107 kB
Ă”Ă¶ÂŁ ĂŁĂ† /api/admin/channel-manager                462 B           107 kB
Ă”Ă¶ÂŁ ĂŁĂ† /api/admin/channel-manager/update         462 B           107 kB
Ă”Ă¶ÂŁ ĂŁĂ† /api/admin/competitor-analysis            462 B           107 kB
Ă”Ă¶ÂŁ ĂŁĂ† /api/admin/competitors/apify              462 B           107 kB
Ă”Ă¶ÂŁ ĂŁĂ† /api/admin/competitors/list               462 B           107 kB
Ă”Ă¶ÂŁ ĂŁĂ† /api/admin/competitors/trends             462 B           107 kB
Ă”Ă¶ÂŁ ĂŁĂ† /api/admin/countries                      462 B           107 kB
Ă”Ă¶ÂŁ ĂŁĂ† /api/admin/crm/campaigns                  462 B           107 kB
Ă”Ă¶ÂŁ ĂŁĂ† /api/admin/crm/guests                     462 B           107 kB
Ă”Ă¶ÂŁ ĂŁĂ† /api/admin/crm/messages                   462 B           107 kB
Ă”Ă¶ÂŁ ĂŁĂ† /api/admin/crm/overview                   462 B           107 kB
Ă”Ă¶ÂŁ ĂŁĂ† /api/admin/crm/segments                   462 B           107 kB
Ă”Ă¶ÂŁ ĂŁĂ† /api/admin/crm/social                     462 B           107 kB
Ă”Ă¶ÂŁ ĂŁĂ† /api/admin/crm/social/sync                462 B           107 kB
Ă”Ă¶ÂŁ ĂŁĂ† /api/admin/crm/social/translate           462 B           107 kB
Ă”Ă¶ÂŁ ĂŁĂ† /api/admin/crm/templates                  462 B           107 kB
Ă”Ă¶ÂŁ ĂŁĂ† /api/admin/cta-bar                        462 B           107 kB
Ă”Ă¶ÂŁ ĂŁĂ† /api/admin/dashboard/config               462 B           107 kB
Ă”Ă¶ÂŁ ĂŁĂ† /api/admin/dashboard/formulas             462 B           107 kB
Ă”Ă¶ÂŁ ĂŁĂ† /api/admin/departments                    462 B           107 kB
Ă”Ă¶ÂŁ ĂŁĂ† /api/admin/dining                         462 B           107 kB
Ă”Ă¶ÂŁ ĂŁĂ† /api/admin/dining-events                  462 B           107 kB
Ă”Ă¶ÂŁ ĂŁĂ† /api/admin/dining-events/[id]             462 B           107 kB
Ă”Ă¶ÂŁ ĂŁĂ† /api/admin/dining/[id]                    462 B           107 kB
Ă”Ă¶ÂŁ ĂŁĂ† /api/admin/elektra-cache                  462 B           107 kB
Ă”Ă¶ÂŁ ĂŁĂ† /api/admin/elektra/channel/availability   462 B           107 kB
Ă”Ă¶ÂŁ ĂŁĂ† /api/admin/elektra/channel/price          462 B           107 kB
Ă”Ă¶ÂŁ ĂŁĂ† /api/admin/elektra/channel/restriction    462 B           107 kB
Ă”Ă¶ÂŁ ĂŁĂ† /api/admin/elektra/hr                     462 B           107 kB
Ă”Ă¶ÂŁ ĂŁĂ† /api/admin/elektra/tasks                  462 B           107 kB
Ă”Ă¶ÂŁ ĂŁĂ† /api/admin/formulas                       462 B           107 kB
Ă”Ă¶ÂŁ ĂŁĂ† /api/admin/local-guide                    462 B           107 kB
Ă”Ă¶ÂŁ ĂŁĂ† /api/admin/mail-integration               462 B           107 kB
Ă”Ă¶ÂŁ ĂŁĂ† /api/admin/mail-integration/convert       462 B           107 kB
Ă”Ă¶ÂŁ ĂŁĂ† /api/admin/mail-integration/sync          462 B           107 kB
Ă”Ă¶ÂŁ ĂŁĂ† /api/admin/meeting-rooms                  462 B           107 kB
Ă”Ă¶ÂŁ ĂŁĂ† /api/admin/meeting-rooms/[id]             462 B           107 kB
Ă”Ă¶ÂŁ ĂŁĂ† /api/admin/menu-items                     462 B           107 kB
Ă”Ă¶ÂŁ ĂŁĂ† /api/admin/menu-items/[id]                462 B           107 kB
Ă”Ă¶ÂŁ ĂŁĂ† /api/admin/menu-qr                        462 B           107 kB
Ă”Ă¶ÂŁ ĂŁĂ† /api/admin/notifications                  462 B           107 kB
Ă”Ă¶ÂŁ ĂŁĂ† /api/admin/payment-logs                   462 B           107 kB
Ă”Ă¶ÂŁ ĂŁĂ† /api/admin/payment-settings               462 B           107 kB
Ă”Ă¶ÂŁ ĂŁĂ† /api/admin/permission-requests            462 B           107 kB
Ă”Ă¶ÂŁ ĂŁĂ† /api/admin/permission-requests/[id]       462 B           107 kB
Ă”Ă¶ÂŁ ĂŁĂ† /api/admin/profile                        462 B           107 kB
Ă”Ă¶ÂŁ ĂŁĂ† /api/admin/register                       462 B           107 kB
Ă”Ă¶ÂŁ ĂŁĂ† /api/admin/reservations                   462 B           107 kB
Ă”Ă¶ÂŁ ĂŁĂ† /api/admin/seed                           462 B           107 kB
Ă”Ă¶ÂŁ ĂŁĂ† /api/admin/settings/demo-mode             462 B           107 kB
Ă”Ă¶ÂŁ ĂŁĂ† /api/admin/settings/elektra-cache         462 B           107 kB
Ă”Ă¶ÂŁ ĂŁĂ† /api/admin/settings/meta-token            462 B           107 kB
Ă”Ă¶ÂŁ ĂŁĂ† /api/admin/social-content                 462 B           107 kB
Ă”Ă¶ÂŁ ĂŁĂ† /api/admin/social-metrics                 462 B           107 kB
Ă”Ă¶ÂŁ ĂŁĂ† /api/admin/social-stats                   462 B           107 kB
Ă”Ă¶ÂŁ ĂŁĂ† /api/admin/social/draft                   462 B           107 kB
Ă”Ă¶ÂŁ ĂŁĂ† /api/admin/social/messages                462 B           107 kB
Ă”Ă¶ÂŁ ĂŁĂ† /api/admin/social/posts                   462 B           107 kB
Ă”Ă¶ÂŁ ĂŁĂ† /api/admin/social/posts/[id]              462 B           107 kB
Ă”Ă¶ÂŁ ĂŁĂ† /api/admin/social/schedule                462 B           107 kB
Ă”Ă¶ÂŁ ĂŁĂ† /api/admin/social/topics                  462 B           107 kB
Ă”Ă¶ÂŁ ĂŁĂ† /api/admin/social/topics/[id]             462 B           107 kB
Ă”Ă¶ÂŁ ĂŁĂ† /api/admin/spa                            462 B           107 kB
Ă”Ă¶ÂŁ ĂŁĂ† /api/admin/spa-services                   462 B           107 kB
Ă”Ă¶ÂŁ ĂŁĂ† /api/admin/spa-services/[id]              462 B           107 kB
Ă”Ă¶ÂŁ ĂŁĂ† /api/admin/sports                         462 B           107 kB
Ă”Ă¶ÂŁ ĂŁĂ† /api/admin/sports/[id]                    462 B           107 kB
Ă”Ă¶ÂŁ ĂŁĂ† /api/admin/stock-images                   462 B           107 kB
Ă”Ă¶ÂŁ ĂŁĂ† /api/admin/tasks                          462 B           107 kB
Ă”Ă¶ÂŁ ĂŁĂ† /api/admin/tasks/[id]                     462 B           107 kB
Ă”Ă¶ÂŁ ĂŁĂ† /api/admin/tasks/[id]/comments            462 B           107 kB
Ă”Ă¶ÂŁ ĂŁĂ† /api/admin/tasks/capacity                 462 B           107 kB
Ă”Ă¶ÂŁ ĂŁĂ† /api/admin/tasks/dependencies             462 B           107 kB
Ă”Ă¶ÂŁ ĂŁĂ† /api/admin/tasks/task-ai                  462 B           107 kB
Ă”Ă¶ÂŁ ĂŁĂ† /api/admin/tasks/time-entries             462 B           107 kB
Ă”Ă¶ÂŁ ĂŁĂ† /api/admin/translations                   462 B           107 kB
Ă”Ă¶ÂŁ ĂŁĂ† /api/admin/translations/ai-translate      462 B           107 kB
Ă”Ă¶ÂŁ ĂŁĂ† /api/admin/users                          462 B           107 kB
Ă”Ă¶ÂŁ ĂŁĂ† /api/admin/users/assignable               462 B           107 kB
Ă”Ă¶ÂŁ ĂŁĂ† /api/admin/workflows                      462 B           107 kB
Ă”Ă¶ÂŁ ĂŁĂ† /api/admin/yield-analysis                 462 B           107 kB
Ă”Ă¶ÂŁ ĂŁĂ† /api/ai/chat                              462 B           107 kB
Ă”Ă¶ÂŁ ĂŁĂ† /api/ai/settings                          462 B           107 kB
Ă”Ă¶ÂŁ ĂŁĂ† /api/ai/sheets                            462 B           107 kB
Ă”Ă¶ÂŁ ĂŁĂ† /api/ai/training                          462 B           107 kB
Ă”Ă¶ÂŁ ĂŁĂ† /api/analytics/data                       462 B           107 kB
Ă”Ă¶ÂŁ ĂŁĂ† /api/analytics/track                      462 B           107 kB
Ă”Ă¶ÂŁ ĂŁĂ† /api/auth/google                          462 B           107 kB
Ă”Ă¶ÂŁ ĂŁĂ† /api/auth/google/tasks                    462 B           107 kB
Ă”Ă¶ÂŁ ĂŁĂ† /api/auth/google/tasks/callback           462 B           107 kB
Ă”Ă¶ÂŁ ĂŁĂ† /api/booking                              462 B           107 kB
Ă”Ă¶ÂŁ ĂŁĂ† /api/booking/availability                 462 B           107 kB
Ă”Ă¶ÂŁ ĂŁĂ† /api/booking/calendar                     462 B           107 kB
Ă”Ă¶ÂŁ ĂŁĂ† /api/booking/callback/iyzico              462 B           107 kB
Ă”Ă¶ÂŁ ĂŁĂ† /api/booking/callback/paytr               462 B           107 kB
Ă”Ă¶ÂŁ ĂŁĂ† /api/booking/checkout                     462 B           107 kB
Ă”Ă¶ÂŁ ĂŁĂ† /api/booking/checkout/direct              462 B           107 kB
Ă”Ă¶ÂŁ ĂŁĂ† /api/booking/countries                    462 B           107 kB
Ă”Ă¶ÂŁ ĂŁĂ† /api/booking/sync-elektra                 462 B           107 kB
Ă”Ă¶ÂŁ ĂŁĂ† /api/booking/vpos-callback/[provider]     462 B           107 kB
Ă”Ă¶ÂŁ ĂŁĂ† /api/content/meeting-rooms                462 B           107 kB
Ă”Ă¶ÂŁ ĂŁĂ† /api/content/rooms                        462 B           107 kB
Ă”Ă¶ÂŁ ĂŁĂ† /api/cron/competitor-analysis             462 B           107 kB
Ă”Ă¶ÂŁ ĂŁĂ† /api/cron/social                          462 B           107 kB
Ă”Ă¶ÂŁ ĂŁĂ† /api/cta-bar                              462 B           107 kB
Ă”Ă¶ÂŁ ĂŁĂ† /api/cta-bar/click                        462 B           107 kB
Ă”Ă¶ÂŁ ĂŁĂ† /api/events                               462 B           107 kB
Ă”Ă¶ÂŁ ĂŁĂ† /api/health                               462 B           107 kB
Ă”Ă¶ÂŁ ĂŁĂ† /api/meetings                             462 B           107 kB
Ă”Ă¶ÂŁ ĂŁĂ† /api/public/availability                  462 B           107 kB
Ă”Ă¶ÂŁ ĂŁĂ† /api/public/book                          462 B           107 kB
Ă”Ă¶ÂŁ ĂŁĂ† /api/rooms/pricing                        462 B           107 kB
Ă”Ă¶ÂŁ ĂŁĂ† /api/settings/analytics                   462 B           107 kB
Ă”Ă¶ÂŁ ĂŁĂ† /api/track                                462 B           107 kB
Ă”Ă¶ÂŁ ĂŁĂ† /api/webhooks/social                      462 B           107 kB
Ă”Ă¶ÂŁ Ă”ĂąĂŻ /robots.txt                               0 B                0 B
Ă”Ă¶Ă¶ Ă”ĂąĂŻ /sitemap.xml                              0 B                0 B
+ First Load JS shared by all                 106 kB
  Ă”Ă¶ÂŁ chunks/1517-aaaa266279361ceb.js           50.6 kB
  Ă”Ă¶ÂŁ chunks/4bd1b696-948012865e3dc313.js       53 kB
  Ă”Ă¶Ă¶ other shared chunks (total)               2.9 kB


ĂŁĂ† Middleware                                  33 kB

Ă”ĂąĂŻ  (Static)   prerendered as static content
ĂŁĂ†  (Dynamic)  server-rendered on demand

